Flutter crash report; please file at https://github.com/flutter/flutter/issues.

## command

flutter --no-color run --machine --track-widget-creation --device-id=RZ8M506SMTW lib/main.dart

## exception

FileSystemException: FileSystemException: Getting current working directory failed, path = '' (OS Error: Too many open files in system, errno = 23)

```
#0      _Directory.current (dart:io/directory_impl.dart:49:7)
#1      Directory.current (dart:io/directory.dart:161:25)
#2      LocalFileSystem.currentDirectory (package:file/src/backends/local/local_file_system.dart:44:60)
#3      getExecutablePath (package:process/src/interface/common.dart:59:27)
#4      _getExecutable (package:process/src/interface/local_process_manager.dart:125:16)
#5      LocalProcessManager.runSync (package:process/src/interface/local_process_manager.dart:94:30)
#6      _DefaultProcessUtils.runSync (package:flutter_tools/src/base/process.dart:417:51)
#7      _AndroidDevicePortForwarder.forwardedPorts (package:flutter_tools/src/android/android_device.dart:1166:29)
#8      _AndroidDevicePortForwarder.dispose (package:flutter_tools/src/android/android_device.dart:1271:38)
#9      AndroidDevice.dispose (package:flutter_tools/src/android/android_device.dart:729:27)
#10     HotRunner.cleanupAtFinish (package:flutter_tools/src/run_hot.dart:1109:34)
#11     ResidentRunner.waitForAppToFinish (package:flutter_tools/src/resident_runner.dart:1009:11)
<asynchronous suspension>
#12     RunCommand.runCommand (package:flutter_tools/src/commands/run.dart:412:43)
<asynchronous suspension>
#13     FlutterCommand.verifyThenRunCommand (package:flutter_tools/src/runner/flutter_command.dart:638:18)
#14     _asyncThenWrapperHelper.<anonymous closure> (dart:async-patch/async_patch.dart:75:64)
#15     _rootRunUnary (dart:async/zone.dart:1134:38)
#16     _CustomZone.runUnary (dart:async/zone.dart:1031:19)
#17     _FutureListener.handleValue (dart:async/future_impl.dart:140:18)
#18     Future._propagateToListeners.handleValueCallback (dart:async/future_impl.dart:682:45)
#19     Future._propagateToListeners (dart:async/future_impl.dart:711:32)
#20     Future._completeWithValue (dart:async/future_impl.dart:526:5)
#21     _AsyncAwaitCompleter.complete (dart:async-patch/async_patch.dart:34:15)
#22     _completeOnAsyncReturn (dart:async-patch/async_patch.dart:293:13)
#23     RunCommand.usageValues (package:flutter_tools/src/commands/run.dart)
#24     _asyncThenWrapperHelper.<anonymous closure> (dart:async-patch/async_patch.dart:75:64)
#25     _rootRunUnary (dart:async/zone.dart:1134:38)
#26     _CustomZone.runUnary (dart:async/zone.dart:1031:19)
#27     _FutureListener.handleValue (dart:async/future_impl.dart:140:18)
#28     Future._propagateToListeners.handleValueCallback (dart:async/future_impl.dart:682:45)
#29     Future._propagateToListeners (dart:async/future_impl.dart:711:32)
#30     Future._completeWithValue (dart:async/future_impl.dart:526:5)
#31     _AsyncAwaitCompleter.complete (dart:async-patch/async_patch.dart:34:15)
#32     _completeOnAsyncReturn (dart:async-patch/async_patch.dart:293:13)
#33     AndroidDevice.isLocalEmulator (package:flutter_tools/src/android/android_device.dart)
#34     _asyncThenWrapperHelper.<anonymous closure> (dart:async-patch/async_patch.dart:75:64)
#35     _rootRunUnary (dart:async/zone.dart:1134:38)
#36     _CustomZone.runUnary (dart:async/zone.dart:1031:19)
#37     _FutureListener.handleValue (dart:async/future_impl.dart:140:18)
#38     Future._propagateToListeners.handleValueCallback (dart:async/future_impl.dart:682:45)
#39     Future._propagateToListeners (dart:async/future_impl.dart:711:32)
#40     Future._completeWithValue (dart:async/future_impl.dart:526:5)
#41     Future._asyncComplete.<anonymous closure> (dart:async/future_impl.dart:556:7)
#42     _rootRun (dart:async/zone.dart:1126:13)
#43     _CustomZone.run (dart:async/zone.dart:1023:19)
#44     _CustomZone.runGuarded (dart:async/zone.dart:925:7)
#45     _CustomZone.bindCallbackGuarded.<anonymous closure> (dart:async/zone.dart:965:23)
#46     _microtaskLoop (dart:async/schedule_microtask.dart:43:21)
#47     _startMicrotaskLoop (dart:async/schedule_microtask.dart:52:5)
#48     _runPendingImmediateCallback (dart:isolate-patch/isolate_patch.dart:118:13)
#49     _RawReceivePortImpl._handleMessage (dart:isolate-patch/isolate_patch.dart:169:5)
```

## flutter doctor

```
[☠] Flutter (the doctor check crashed)
    ✗ Due to an error, the doctor check did not complete. If the error message below is not helpful, please let us know about this issue at https://github.com/flutter/flutter/issues.
    ✗ ProcessException: Too many open files in system
        Command: /usr/bin/git -c log.showSignature=false log -n 1 --pretty=format:%ar
    • #0      _ProcessImpl._runAndWait (dart:io-patch/process_patch.dart:498:7)
      #1      _runNonInteractiveProcessSync (dart:io-patch/process_patch.dart:643:18)
      #2      Process.runSync (dart:io-patch/process_patch.dart:68:12)
      #3      LocalProcessManager.runSync (package:process/src/interface/local_process_manager.dart:93:20)
      #4      _DefaultProcessUtils.runSync (package:flutter_tools/src/base/process.dart:417:51)
      #5      _runGit (package:flutter_tools/src/version.dart:603:23)
      #6      FlutterVersion.frameworkAge (package:flutter_tools/src/version.dart:91:30)
      #7      FlutterValidator.validate (package:flutter_tools/src/doctor.dart:615:17)
      #8      asyncGuard.<anonymous closure> (package:flutter_tools/src/base/async_guard.dart:111:32)
      #9      _rootRun (dart:async/zone.dart:1126:13)
      #10     _CustomZone.run (dart:async/zone.dart:1023:19)
      #11     _runZoned (dart:async/zone.dart:1518:10)
      #12     runZoned (dart:async/zone.dart:1502:12)
      #13     asyncGuard (package:flutter_tools/src/base/async_guard.dart:109:3)
      #14     Doctor.startValidatorTasks (package:flutter_tools/src/doctor.dart:157:9)
      #15     Doctor.diagnose (package:flutter_tools/src/doctor.dart:256:47)
      #16     _doctorText.<anonymous closure> (package:flutter_tools/runner.dart:233:26)
      #17     AppContext.run.<anonymous closure> (package:flutter_tools/src/base/context.dart:150:29)
      #18     _rootRun (dart:async/zone.dart:1126:13)
      #19     _CustomZone.run (dart:async/zone.dart:1023:19)
      #20     _runZoned (dart:async/zone.dart:1518:10)
      #21     runZoned (dart:async/zone.dart:1465:12)
      #22     AppContext.run (package:flutter_tools/src/base/context.dart:149:18)
      #23     _doctorText (package:flutter_tools/runner.dart:232:19)
      #24     _informUserOfCrash (package:flutter_tools/runner.dart:155:35)
      #25     _handleToolError (package:flutter_tools/runner.dart:136:13)
      <asynchronous suspension>
      #26     run.<anonymous closure>.<anonymous closure> (package:flutter_tools/runner.dart:69:22)
      <asynchronous suspension>
      #27     _rootRun (dart:async/zone.dart:1126:13)
      #28     _CustomZone.run (dart:async/zone.dart:1023:19)
      #29     _runZoned (dart:async/zone.dart:1518:10)
      #30     runZoned (dart:async/zone.dart:1502:12)
      #31     run.<anonymous closure> (package:flutter_tools/runner.dart:62:18)
      <asynchronous suspension>
      #32     AppContext.run.<anonymous closure> (package:flutter_tools/src/base/context.dart:150:29)
      #33     _rootRun (dart:async/zone.dart:1126:13)
      #34     _CustomZone.run (dart:async/zone.dart:1023:19)
      #35     _runZoned (dart:async/zone.dart:1518:10)
      #36     runZoned (dart:async/zone.dart:1465:12)
      #37     AppContext.run (package:flutter_tools/src/base/context.dart:149:18)
      #38     runInContext (package:flutter_tools/src/context_runner.dart:64:24)
      #39     run (package:flutter_tools/runner.dart:51:10)
      #40     main (package:flutter_tools/executable.dart:65:9)
      #41     main (file:///Users/rohanpatel/Documents/flutter/packages/flutter_tools/bin/flutter_tools.dart:8:3)
      #42     _startIsolate.<anonymous closure> (dart:isolate-patch/isolate_patch.dart:299:32)
      #43     _RawReceivePortImpl._handleMessage (dart:isolate-patch/isolate_patch.dart:168:12)


[☠] Android toolchain - develop for Android devices (the doctor check crashed)
    ✗ Due to an error, the doctor check did not complete. If the error message below is not helpful, please let us know about this issue at https://github.com/flutter/flutter/issues.
    ✗ FileSystemException: Getting current working directory failed, path = '' (OS Error: Too many open files in system, errno = 23)
    • #0      _Directory.current (dart:io/directory_impl.dart:49:7)
      #1      Directory.current (dart:io/directory.dart:161:25)
      #2      LocalFileSystem.currentDirectory (package:file/src/backends/local/local_file_system.dart:44:60)
      #3      getExecutablePath (package:process/src/interface/common.dart:59:27)
      #4      LocalProcessManager.canRun (package:process/src/interface/local_process_manager.dart:111:7)
      #5      AndroidSdk.validateSdkWellFormed (package:flutter_tools/src/android/android_sdk.dart:414:52)
      #6      AndroidValidator.validate (package:flutter_tools/src/android/android_workflow.dart:159:54)
      #7      GroupedValidator.validate.<anonymous closure> (package:flutter_tools/src/doctor.dart:417:56)
      #8      asyncGuard.<anonymous closure> (package:flutter_tools/src/base/async_guard.dart:111:32)
      #9      _rootRun (dart:async/zone.dart:1126:13)
      #10     _CustomZone.run (dart:async/zone.dart:1023:19)
      #11     _runZoned (dart:async/zone.dart:1518:10)
      #12     runZoned (dart:async/zone.dart:1502:12)
      #13     asyncGuard (package:flutter_tools/src/base/async_guard.dart:109:3)
      #14     GroupedValidator.validate (package:flutter_tools/src/doctor.dart:417:11)
      #15     asyncGuard.<anonymous closure> (package:flutter_tools/src/base/async_guard.dart:111:32)
      #16     _rootRun (dart:async/zone.dart:1126:13)
      #17     _CustomZone.run (dart:async/zone.dart:1023:19)
      #18     _runZoned (dart:async/zone.dart:1518:10)
      #19     runZoned (dart:async/zone.dart:1502:12)
      #20     asyncGuard (package:flutter_tools/src/base/async_guard.dart:109:3)
      #21     Doctor.startValidatorTasks (package:flutter_tools/src/doctor.dart:157:9)
      #22     Doctor.diagnose (package:flutter_tools/src/doctor.dart:256:47)
      #23     _AsyncAwaitCompleter.start (dart:async-patch/async_patch.dart:47:6)
      #24     Doctor.diagnose (package:flutter_tools/src/doctor.dart:245:24)
      #25     _doctorText.<anonymous closure> (package:flutter_tools/runner.dart:233:26)
      #26     AppContext.run.<anonymous closure> (package:flutter_tools/src/base/context.dart:150:29)
      #27     _AsyncAwaitCompleter.start (dart:async-patch/async_patch.dart:47:6)
      #28     AppContext.run.<anonymous closure> (package:flutter_tools/src/base/context.dart:150:7)
      #29     _rootRun (dart:async/zone.dart:1126:13)
      #30     _CustomZone.run (dart:async/zone.dart:1023:19)
      #31     _runZoned (dart:async/zone.dart:1518:10)
      #32     runZoned (dart:async/zone.dart:1465:12)
      #33     AppContext.run (package:flutter_tools/src/base/context.dart:149:18)
      #34     _AsyncAwaitCompleter.start (dart:async-patch/async_patch.dart:47:6)
      #35     AppContext.run (package:flutter_tools/src/base/context.dart:136:19)
      #36     _doctorText (package:flutter_tools/runner.dart:232:19)
      #37     _AsyncAwaitCompleter.start (dart:async-patch/async_patch.dart:47:6)
      #38     _doctorText (package:flutter_tools/runner.dart:225:27)
      #39     _informUserOfCrash (package:flutter_tools/runner.dart:155:35)
      #40     _AsyncAwaitCompleter.start (dart:async-patch/async_patch.dart:47:6)
      #41     _informUserOfCrash (package:flutter_tools/runner.dart:154:32)
      #42     _handleToolError (package:flutter_tools/runner.dart:136:13)
      #43     _asyncThenWrapperHelper.<anonymous closure> (dart:async-patch/async_patch.dart:75:64)
      #44     _rootRunUnary (dart:async/zone.dart:1134:38)
      #45     _CustomZone.runUnary (dart:async/zone.dart:1031:19)
      #46     _FutureListener.handleValue (dart:async/future_impl.dart:140:18)
      #47     Future._propagateToListeners.handleValueCallback (dart:async/future_impl.dart:682:45)
      #48     Future._propagateToListeners (dart:async/future_impl.dart:711:32)
      #49     Future._completeWithValue (dart:async/future_impl.dart:526:5)
      #50     _AsyncAwaitCompleter.complete (dart:async-patch/async_patch.dart:34:15)
      #51     _completeOnAsyncReturn (dart:async-patch/async_patch.dart:293:13)
      #52     CrashReportSender.sendReport (package:flutter_tools/src/reporting/crash_reporting.dart)
      #53     _asyncErrorWrapperHelper.<anonymous closure> (dart:async-patch/async_patch.dart:82:45)
      #54     _rootRunBinary (dart:async/zone.dart:1146:38)
      #55     _CustomZone.runBinary (dart:async/zone.dart:1039:19)
      #56     _FutureListener.handleError (dart:async/future_impl.dart:154:20)
      #57     Future._propagateToListeners.handleError (dart:async/future_impl.dart:694:47)
      #58     Future._propagateToListeners (dart:async/future_impl.dart:715:24)
      #59     Future._completeError (dart:async/future_impl.dart:534:5)
      #60     _AsyncAwaitCompleter.completeError (dart:async-patch/async_patch.dart:40:15)
      #61     IOClient.send (package:http/src/io_client.dart)
      #62     _asyncErrorWrapperHelper.<anonymous closure> (dart:async-patch/async_patch.dart:82:45)
      #63     _rootRunBinary (dart:async/zone.dart:1146:38)
      #64     _CustomZone.runBinary (dart:async/zone.dart:1039:19)
      #65     _FutureListener.handleError (dart:async/future_impl.dart:154:20)
      #66     Future._propagateToListeners.handleError (dart:async/future_impl.dart:694:47)
      #67     Future._propagateToListeners (dart:async/future_impl.dart:715:24)
      #68     Future._completeError (dart:async/future_impl.dart:534:5)
      #69     Future._asyncCompleteError.<anonymous closure> (dart:async/future_impl.dart:582:7)
      #70     _rootRun (dart:async/zone.dart:1126:13)
      #71     _CustomZone.run (dart:async/zone.dart:1023:19)
      #72     _CustomZone.runGuarded (dart:async/zone.dart:925:7)
      #73     _CustomZone.bindCallbackGuarded.<anonymous closure> (dart:async/zone.dart:965:23)
      #74     _microtaskLoop (dart:async/schedule_microtask.dart:43:21)
      #75     _startMicrotaskLoop (dart:async/schedule_microtask.dart:52:5)
      #76     _runPendingImmediateCallback (dart:isolate-patch/isolate_patch.dart:118:13)
      #77     _RawReceivePortImpl._handleMessage (dart:isolate-patch/isolate_patch.dart:169:5)

    ✗ Due to an error, the doctor check did not complete. If the error message below is not helpful, please let us know about this issue at https://github.com/flutter/flutter/issues.
    ✗ FileSystemException: Getting current working directory failed, path = '' (OS Error: Too many open files in system, errno = 23)
    • #0      _Directory.current (dart:io/directory_impl.dart:49:7)
      #1      Directory.current (dart:io/directory.dart:161:25)
      #2      LocalFileSystem.currentDirectory (package:file/src/backends/local/local_file_system.dart:44:60)
      #3      getExecutablePath (package:process/src/interface/common.dart:59:27)
      #4      LocalProcessManager.canRun (package:process/src/interface/local_process_manager.dart:111:7)
      #5      AndroidSdk.validateSdkWellFormed (package:flutter_tools/src/android/android_sdk.dart:414:52)
      #6      AndroidLicenseValidator.validate (package:flutter_tools/src/android/android_workflow.dart:200:20)
      #7      GroupedValidator.validate.<anonymous closure> (package:flutter_tools/src/doctor.dart:417:56)
      #8      asyncGuard.<anonymous closure> (package:flutter_tools/src/base/async_guard.dart:111:32)
      #9      _rootRun (dart:async/zone.dart:1126:13)
      #10     _CustomZone.run (dart:async/zone.dart:1023:19)
      #11     _runZoned (dart:async/zone.dart:1518:10)
      #12     runZoned (dart:async/zone.dart:1502:12)
      #13     asyncGuard (package:flutter_tools/src/base/async_guard.dart:109:3)
      #14     GroupedValidator.validate (package:flutter_tools/src/doctor.dart:417:11)
      #15     _AsyncAwaitCompleter.start (dart:async-patch/async_patch.dart:47:6)
      #16     GroupedValidator.validate (package:flutter_tools/src/doctor.dart:412:36)
      #17     asyncGuard.<anonymous closure> (package:flutter_tools/src/base/async_guard.dart:111:32)
      #18     _AsyncAwaitCompleter.start (dart:async-patch/async_patch.dart:47:6)
      #19     asyncGuard.<anonymous closure> (package:flutter_tools/src/base/async_guard.dart:109:18)
      #20     _rootRun (dart:async/zone.dart:1126:13)
      #21     _CustomZone.run (dart:async/zone.dart:1023:19)
      #22     _runZoned (dart:async/zone.dart:1518:10)
      #23     runZoned (dart:async/zone.dart:1502:12)
      #24     asyncGuard (package:flutter_tools/src/base/async_guard.dart:109:3)
      #25     Doctor.startValidatorTasks (package:flutter_tools/src/doctor.dart:157:9)
      #26     Doctor.diagnose (package:flutter_tools/src/doctor.dart:256:47)
      #27     _AsyncAwaitCompleter.start (dart:async-patch/async_patch.dart:47:6)
      #28     Doctor.diagnose (package:flutter_tools/src/doctor.dart:245:24)
      #29     _doctorText.<anonymous closure> (package:flutter_tools/runner.dart:233:26)
      #30     AppContext.run.<anonymous closure> (package:flutter_tools/src/base/context.dart:150:29)
      #31     _AsyncAwaitCompleter.start (dart:async-patch/async_patch.dart:47:6)
      #32     AppContext.run.<anonymous closure> (package:flutter_tools/src/base/context.dart:150:7)
      #33     _rootRun (dart:async/zone.dart:1126:13)
      #34     _CustomZone.run (dart:async/zone.dart:1023:19)
      #35     _runZoned (dart:async/zone.dart:1518:10)
      #36     runZoned (dart:async/zone.dart:1465:12)
      #37     AppContext.run (package:flutter_tools/src/base/context.dart:149:18)
      #38     _AsyncAwaitCompleter.start (dart:async-patch/async_patch.dart:47:6)
      #39     AppContext.run (package:flutter_tools/src/base/context.dart:136:19)
      #40     _doctorText (package:flutter_tools/runner.dart:232:19)
      #41     _AsyncAwaitCompleter.start (dart:async-patch/async_patch.dart:47:6)
      #42     _doctorText (package:flutter_tools/runner.dart:225:27)
      #43     _informUserOfCrash (package:flutter_tools/runner.dart:155:35)
      #44     _AsyncAwaitCompleter.start (dart:async-patch/async_patch.dart:47:6)
      #45     _informUserOfCrash (package:flutter_tools/runner.dart:154:32)
      #46     _handleToolError (package:flutter_tools/runner.dart:136:13)
      #47     _asyncThenWrapperHelper.<anonymous closure> (dart:async-patch/async_patch.dart:75:64)
      #48     _rootRunUnary (dart:async/zone.dart:1134:38)
      #49     _CustomZone.runUnary (dart:async/zone.dart:1031:19)
      #50     _FutureListener.handleValue (dart:async/future_impl.dart:140:18)
      #51     Future._propagateToListeners.handleValueCallback (dart:async/future_impl.dart:682:45)
      #52     Future._propagateToListeners (dart:async/future_impl.dart:711:32)
      #53     Future._completeWithValue (dart:async/future_impl.dart:526:5)
      #54     _AsyncAwaitCompleter.complete (dart:async-patch/async_patch.dart:34:15)
      #55     _completeOnAsyncReturn (dart:async-patch/async_patch.dart:293:13)
      #56     CrashReportSender.sendReport (package:flutter_tools/src/reporting/crash_reporting.dart)
      #57     _asyncErrorWrapperHelper.<anonymous closure> (dart:async-patch/async_patch.dart:82:45)
      #58     _rootRunBinary (dart:async/zone.dart:1146:38)
      #59     _CustomZone.runBinary (dart:async/zone.dart:1039:19)
      #60     _FutureListener.handleError (dart:async/future_impl.dart:154:20)
      #61     Future._propagateToListeners.handleError (dart:async/future_impl.dart:694:47)
      #62     Future._propagateToListeners (dart:async/future_impl.dart:715:24)
      #63     Future._completeError (dart:async/future_impl.dart:534:5)
      #64     _AsyncAwaitCompleter.completeError (dart:async-patch/async_patch.dart:40:15)
      #65     IOClient.send (package:http/src/io_client.dart)
      #66     _asyncErrorWrapperHelper.<anonymous closure> (dart:async-patch/async_patch.dart:82:45)
      #67     _rootRunBinary (dart:async/zone.dart:1146:38)
      #68     _CustomZone.runBinary (dart:async/zone.dart:1039:19)
      #69     _FutureListener.handleError (dart:async/future_impl.dart:154:20)
      #70     Future._propagateToListeners.handleError (dart:async/future_impl.dart:694:47)
      #71     Future._propagateToListeners (dart:async/future_impl.dart:715:24)
      #72     Future._completeError (dart:async/future_impl.dart:534:5)
      #73     Future._asyncCompleteError.<anonymous closure> (dart:async/future_impl.dart:582:7)
      #74     _rootRun (dart:async/zone.dart:1126:13)
      #75     _CustomZone.run (dart:async/zone.dart:1023:19)
      #76     _CustomZone.runGuarded (dart:async/zone.dart:925:7)
      #77     _CustomZone.bindCallbackGuarded.<anonymous closure> (dart:async/zone.dart:965:23)
      #78     _microtaskLoop (dart:async/schedule_microtask.dart:43:21)
      #79     _startMicrotaskLoop (dart:async/schedule_microtask.dart:52:5)
      #80     _runPendingImmediateCallback (dart:isolate-patch/isolate_patch.dart:118:13)
      #81     _RawReceivePortImpl._handleMessage (dart:isolate-patch/isolate_patch.dart:169:5)


[☠] Xcode - develop for iOS and macOS (the doctor check crashed)
    ✗ Due to an error, the doctor check did not complete. If the error message below is not helpful, please let us know about this issue at https://github.com/flutter/flutter/issues.
    ✗ FileSystemException: Getting current working directory failed, path = '' (OS Error: Too many open files in system, errno = 23)
    • #0      _Directory.current (dart:io/directory_impl.dart:49:7)
      #1      Directory.current (dart:io/directory.dart:161:25)
      #2      LocalFileSystem.currentDirectory (package:file/src/backends/local/local_file_system.dart:44:60)
      #3      getExecutablePath (package:process/src/interface/common.dart:59:27)
      #4      _getExecutable (package:process/src/interface/local_process_manager.dart:125:16)
      #5      LocalProcessManager.runSync (package:process/src/interface/local_process_manager.dart:94:30)
      #6      _DefaultProcessUtils.runSync (package:flutter_tools/src/base/process.dart:417:51)
      #7      Xcode.eulaSigned (package:flutter_tools/src/macos/xcode.dart:100:48)
      #8      XcodeValidator.validate (package:flutter_tools/src/macos/xcode_validator.dart:40:26)
      #9      GroupedValidator.validate.<anonymous closure> (package:flutter_tools/src/doctor.dart:417:56)
      #10     asyncGuard.<anonymous closure> (package:flutter_tools/src/base/async_guard.dart:111:32)
      #11     _rootRun (dart:async/zone.dart:1126:13)
      #12     _CustomZone.run (dart:async/zone.dart:1023:19)
      #13     _runZoned (dart:async/zone.dart:1518:10)
      #14     runZoned (dart:async/zone.dart:1502:12)
      #15     asyncGuard (package:flutter_tools/src/base/async_guard.dart:109:3)
      #16     GroupedValidator.validate (package:flutter_tools/src/doctor.dart:417:11)
      #17     asyncGuard.<anonymous closure> (package:flutter_tools/src/base/async_guard.dart:111:32)
      #18     _rootRun (dart:async/zone.dart:1126:13)
      #19     _CustomZone.run (dart:async/zone.dart:1023:19)
      #20     _runZoned (dart:async/zone.dart:1518:10)
      #21     runZoned (dart:async/zone.dart:1502:12)
      #22     asyncGuard (package:flutter_tools/src/base/async_guard.dart:109:3)
      #23     Doctor.startValidatorTasks (package:flutter_tools/src/doctor.dart:157:9)
      #24     Doctor.diagnose (package:flutter_tools/src/doctor.dart:256:47)
      #25     _AsyncAwaitCompleter.start (dart:async-patch/async_patch.dart:47:6)
      #26     Doctor.diagnose (package:flutter_tools/src/doctor.dart:245:24)
      #27     _doctorText.<anonymous closure> (package:flutter_tools/runner.dart:233:26)
      #28     AppContext.run.<anonymous closure> (package:flutter_tools/src/base/context.dart:150:29)
      #29     _AsyncAwaitCompleter.start (dart:async-patch/async_patch.dart:47:6)
      #30     AppContext.run.<anonymous closure> (package:flutter_tools/src/base/context.dart:150:7)
      #31     _rootRun (dart:async/zone.dart:1126:13)
      #32     _CustomZone.run (dart:async/zone.dart:1023:19)
      #33     _runZoned (dart:async/zone.dart:1518:10)
      #34     runZoned (dart:async/zone.dart:1465:12)
      #35     AppContext.run (package:flutter_tools/src/base/context.dart:149:18)
      #36     _AsyncAwaitCompleter.start (dart:async-patch/async_patch.dart:47:6)
      #37     AppContext.run (package:flutter_tools/src/base/context.dart:136:19)
      #38     _doctorText (package:flutter_tools/runner.dart:232:19)
      #39     _AsyncAwaitCompleter.start (dart:async-patch/async_patch.dart:47:6)
      #40     _doctorText (package:flutter_tools/runner.dart:225:27)
      #41     _informUserOfCrash (package:flutter_tools/runner.dart:155:35)
      #42     _AsyncAwaitCompleter.start (dart:async-patch/async_patch.dart:47:6)
      #43     _informUserOfCrash (package:flutter_tools/runner.dart:154:32)
      #44     _handleToolError (package:flutter_tools/runner.dart:136:13)
      #45     _asyncThenWrapperHelper.<anonymous closure> (dart:async-patch/async_patch.dart:75:64)
      #46     _rootRunUnary (dart:async/zone.dart:1134:38)
      #47     _CustomZone.runUnary (dart:async/zone.dart:1031:19)
      #48     _FutureListener.handleValue (dart:async/future_impl.dart:140:18)
      #49     Future._propagateToListeners.handleValueCallback (dart:async/future_impl.dart:682:45)
      #50     Future._propagateToListeners (dart:async/future_impl.dart:711:32)
      #51     Future._completeWithValue (dart:async/future_impl.dart:526:5)
      #52     _AsyncAwaitCompleter.complete (dart:async-patch/async_patch.dart:34:15)
      #53     _completeOnAsyncReturn (dart:async-patch/async_patch.dart:293:13)
      #54     CrashReportSender.sendReport (package:flutter_tools/src/reporting/crash_reporting.dart)
      #55     _asyncErrorWrapperHelper.<anonymous closure> (dart:async-patch/async_patch.dart:82:45)
      #56     _rootRunBinary (dart:async/zone.dart:1146:38)
      #57     _CustomZone.runBinary (dart:async/zone.dart:1039:19)
      #58     _FutureListener.handleError (dart:async/future_impl.dart:154:20)
      #59     Future._propagateToListeners.handleError (dart:async/future_impl.dart:694:47)
      #60     Future._propagateToListeners (dart:async/future_impl.dart:715:24)
      #61     Future._completeError (dart:async/future_impl.dart:534:5)
      #62     _AsyncAwaitCompleter.completeError (dart:async-patch/async_patch.dart:40:15)
      #63     IOClient.send (package:http/src/io_client.dart)
      #64     _asyncErrorWrapperHelper.<anonymous closure> (dart:async-patch/async_patch.dart:82:45)
      #65     _rootRunBinary (dart:async/zone.dart:1146:38)
      #66     _CustomZone.runBinary (dart:async/zone.dart:1039:19)
      #67     _FutureListener.handleError (dart:async/future_impl.dart:154:20)
      #68     Future._propagateToListeners.handleError (dart:async/future_impl.dart:694:47)
      #69     Future._propagateToListeners (dart:async/future_impl.dart:715:24)
      #70     Future._completeError (dart:async/future_impl.dart:534:5)
      #71     Future._asyncCompleteError.<anonymous closure> (dart:async/future_impl.dart:582:7)
      #72     _rootRun (dart:async/zone.dart:1126:13)
      #73     _CustomZone.run (dart:async/zone.dart:1023:19)
      #74     _CustomZone.runGuarded (dart:async/zone.dart:925:7)
      #75     _CustomZone.bindCallbackGuarded.<anonymous closure> (dart:async/zone.dart:965:23)
      #76     _microtaskLoop (dart:async/schedule_microtask.dart:43:21)
      #77     _startMicrotaskLoop (dart:async/schedule_microtask.dart:52:5)
      #78     _runPendingImmediateCallback (dart:isolate-patch/isolate_patch.dart:118:13)
      #79     _RawReceivePortImpl._handleMessage (dart:isolate-patch/isolate_patch.dart:169:5)

    ✗ CocoaPods not installed.
        CocoaPods is used to retrieve the iOS and macOS platform side's plugin code that responds to your plugin usage on the Dart side.
        Without CocoaPods, plugins will not work on iOS or macOS.
        For more info, see https://flutter.dev/platform-plugins
      To install:
        sudo gem install cocoapods

[!] Android Studio (not installed)
    • Android Studio not found; download from https://developer.android.com/studio/index.html
      (or visit https://flutter.dev/setup/#android-setup for detailed instructions).

[✗] Cannot determine if IntelliJ is installed
    ✗ Directory listing failed

[✓] Connected device (1 available)
    • SM A505F • RZ8M506SMTW • android-arm64 • Android 9 (API 28)

! Doctor found issues in 5 categories.
```
